<?xml version="1.0" encoding="UTF-8"?>
<!-- Generated by org.testng.reporters.JUnitXMLReporter -->
<testsuite ignored="0" hostname="QbusMac.local" failures="0" tests="4" name="Test1" time="98.851" errors="0" timestamp="2022-06-16T12:14:29 EST">
  <testcase classname="academy.HomePage" name="basePageNavigation" time="20.646"/>
  <testcase classname="academy.HomePage" name="basePageNavigation" time="11.384"/>
  <testcase classname="academy.ValidateNavbar" name="basePageNavigation" time="0.044"/>
  <testcase classname="academy.ValidateTitle" name="basePageNavigation" time="0.089"/>
</testsuite> <!-- Test1 -->
