<?xml version="1.0" encoding="UTF-8"?>
<!-- Generated by org.testng.reporters.JUnitXMLReporter -->
<testsuite ignored="0" hostname="QbusMac.local" failures="0" tests="3" name="Test1" time="63.97" errors="0" timestamp="2022-06-15T16:58:47 EST">
  <testcase classname="academy.HomePage" name="basePageNavigation" time="3.321"/>
  <testcase classname="academy.ValidateNavbar" name="basePageNavigation" time="0.061"/>
  <testcase classname="academy.ValidateTitle" name="basePageNavigation" time="0.063"/>
</testsuite> <!-- Test1 -->
